<?xml version="1.0" encoding="UTF-8"?>
<testsuite name="is.ru.TicTacToe.TicTacToeTest" tests="1" skipped="0" failures="0" errors="0" timestamp="2016-10-25T16:17:30" hostname="i-1217c9a8.cs1004cloud.internal" time="0.0">
  <properties/>
  <testcase name="Test" classname="is.ru.TicTacToe.TicTacToeTest" time="0.0"/>
  <system-out><![CDATA[]]></system-out>
  <system-err><![CDATA[]]></system-err>
</testsuite>
