<?xml version="1.0" encoding="UTF-8"?>
<testsuite name="is.ru.TicTacToe.TicTacToeTest" tests="1" skipped="0" failures="0" errors="0" timestamp="2016-10-23T23:14:56" hostname="MEGATRON" time="0.002">
  <properties/>
  <testcase name="Test" classname="is.ru.TicTacToe.TicTacToeTest" time="0.002"/>
  <system-out><![CDATA[]]></system-out>
  <system-err><![CDATA[]]></system-err>
</testsuite>
